<?xml version="1.0" encoding="UTF-8"?>
<testng-results ignored="0" total="2" passed="2" failed="0" skipped="0">
  <reporter-output>
  </reporter-output>
  <suite started-at="2022-12-05T22:58:42 EST" name="Default suite" finished-at="2022-12-05T22:58:48 EST" duration-ms="6300">
    <groups>
    </groups>
    <test started-at="2022-12-05T22:58:42 EST" name="Default test" finished-at="2022-12-05T22:58:48 EST" duration-ms="6300">
      <class name="test9.Class9">
        <test-method signature="BrowserLaunch()[pri:0, instance:test9.Class9@209da20d]" started-at="2022-12-05T22:58:42 EST" name="BrowserLaunch" finished-at="2022-12-05T22:58:46 EST" duration-ms="3735" status="PASS">
          <reporter-output>
          </reporter-output>
        </test-method> <!-- BrowserLaunch -->
        <test-method signature="CreateAccount()[pri:0, instance:test9.Class9@209da20d]" started-at="2022-12-05T22:58:46 EST" name="CreateAccount" finished-at="2022-12-05T22:58:48 EST" duration-ms="2533" status="PASS">
          <reporter-output>
          </reporter-output>
        </test-method> <!-- CreateAccount -->
      </class> <!-- test9.Class9 -->
    </test> <!-- Default test -->
  </suite> <!-- Default suite -->
</testng-results>
